[0.353s] Invoking command in '/home/joshhlee/me326_ws/src/collaborative_robotics_course/build/me326_project': CMAKE_PREFIX_PATH=${CMAKE_PREFIX_PATH}:/home/joshhlee/interbotix_ws/install/interbotix_xs_modules:/home/joshhlee/interbotix_ws/install/interbotix_perception_modules:/home/joshhlee/interbotix_ws/install/interbotix_common_modules:/opt/ros/galactic /usr/bin/cmake /home/joshhlee/me326_ws/src/collaborative_robotics_course/me326_project -DCMAKE_INSTALL_PREFIX=/home/joshhlee/me326_ws/src/collaborative_robotics_course/install/me326_project
[0.460s] -- The C compiler identification is GNU 9.4.0
[0.528s] -- The CXX compiler identification is GNU 9.4.0
[0.533s] -- Check for working C compiler: /usr/bin/cc
[0.597s] -- Check for working C compiler: /usr/bin/cc -- works
[0.598s] -- Detecting C compiler ABI info
[0.652s] -- Detecting C compiler ABI info - done
[0.661s] -- Detecting C compile features
[0.661s] -- Detecting C compile features - done
[0.663s] -- Check for working CXX compiler: /usr/bin/c++
[0.724s] -- Check for working CXX compiler: /usr/bin/c++ -- works
[0.725s] -- Detecting CXX compiler ABI info
[0.789s] -- Detecting CXX compiler ABI info - done
[0.798s] -- Detecting CXX compile features
[0.798s] -- Detecting CXX compile features - done
[0.802s] -- Found ament_cmake: 1.1.6 (/opt/ros/galactic/share/ament_cmake/cmake)
[0.830s] -- Found PythonInterp: /usr/bin/python3 (found suitable version "3.8.10", minimum required is "3") 
[0.830s] -- Using PYTHON_EXECUTABLE: /usr/bin/python3
[0.918s] -- Found rclcpp: 9.2.2 (/opt/ros/galactic/share/rclcpp/cmake)
[0.995s] -- Using all available rosidl_typesupport_c: rosidl_typesupport_fastrtps_c;rosidl_typesupport_introspection_c
[1.006s] -- Found rosidl_adapter: 2.2.3 (/opt/ros/galactic/share/rosidl_adapter/cmake)
[1.085s] -- Found OpenSSL: /usr/lib/aarch64-linux-gnu/libcrypto.so (found version "1.1.1f")  
[1.116s] -- Found FastRTPS: /opt/ros/galactic/include  
[1.198s] -- Using all available rosidl_typesupport_cpp: rosidl_typesupport_fastrtps_cpp;rosidl_typesupport_introspection_cpp
[1.266s] -- Found rmw_implementation_cmake: 3.3.1 (/opt/ros/galactic/share/rmw_implementation_cmake/cmake)
[1.271s] -- Found rmw_cyclonedds_cpp: 0.22.6 (/opt/ros/galactic/share/rmw_cyclonedds_cpp/cmake)
[1.290s] -- Using RMW implementation 'rmw_cyclonedds_cpp' as default
[1.291s] -- Looking for pthread.h
[1.360s] -- Looking for pthread.h - found
[1.360s] -- Performing Test CMAKE_HAVE_LIBC_PTHREAD
[1.419s] -- Performing Test CMAKE_HAVE_LIBC_PTHREAD - Failed
[1.419s] -- Looking for pthread_create in pthreads
[1.467s] -- Looking for pthread_create in pthreads - not found
[1.467s] -- Looking for pthread_create in pthread
[1.521s] -- Looking for pthread_create in pthread - found
[1.522s] -- Found Threads: TRUE  
[1.672s] -- Found rclpy: 1.9.3 (/opt/ros/galactic/share/rclpy/cmake)
[1.675s] -- Found geometry_msgs: 2.2.4 (/opt/ros/galactic/share/geometry_msgs/cmake)
[1.707s] -- Found nav_msgs: 2.2.4 (/opt/ros/galactic/share/nav_msgs/cmake)
[1.775s] -- Found visualization_msgs: 2.2.4 (/opt/ros/galactic/share/visualization_msgs/cmake)
[1.843s] -- Found sensor_msgs: 2.2.4 (/opt/ros/galactic/share/sensor_msgs/cmake)
[1.911s] -- Found rosidl_default_generators: 1.1.1 (/opt/ros/galactic/share/rosidl_default_generators/cmake)
[1.926s] -- Found action_msgs: 1.0.3 (/opt/ros/galactic/share/action_msgs/cmake)
[1.966s] -- Found tf2: 0.17.5 (/opt/ros/galactic/share/tf2/cmake)
[1.979s] -- Found tf2_ros: 0.17.5 (/opt/ros/galactic/share/tf2_ros/cmake)
[2.271s] -- Found tf2_eigen: 0.17.5 (/opt/ros/galactic/share/tf2_eigen/cmake)
[2.284s] -- Found tf2_geometry_msgs: 0.17.5 (/opt/ros/galactic/share/tf2_geometry_msgs/cmake)
[2.292s] -- Found Eigen3: TRUE (found version "3.3.7") 
[2.328s] -- Found OpenCV: /usr (found version "4.2.0") 
[2.331s] -- Found pcl_ros: 2.3.2 (/opt/ros/galactic/share/pcl_ros/cmake)
[2.624s] -- Checking for module 'eigen3'
[2.636s] --   Found eigen3, version 3.3.7
[2.668s] -- Found Eigen: /usr/include/eigen3 (Required is at least version "3.1") 
[2.668s] -- Eigen found (include: /usr/include/eigen3, version: 3.3.7)
[2.758s] -- Checking for module 'flann'
[2.771s] --   Found flann, version 1.9.1
[2.801s] -- Found FLANN: /usr/lib/aarch64-linux-gnu/libflann_cpp.so  
[2.854s] -- The imported target "vtkParseOGLExt" references the file
[2.854s]    "/usr/bin/vtkParseOGLExt-7.1"
[2.854s] but this file does not exist.  Possible reasons include:
[2.854s] * The file was deleted, renamed, or moved to another location.
[2.854s] * An install or uninstall procedure did not complete successfully.
[2.854s] * The installation package was faulty and contained
[2.854s]    "/usr/lib/cmake/vtk-7.1/VTKTargets.cmake"
[2.854s] but not all the files it references.
[2.854s] 
[2.854s] -- The imported target "vtkRenderingPythonTkWidgets" references the file
[2.854s]    "/usr/lib/aarch64-linux-gnu/libvtkRenderingPythonTkWidgets.so"
[2.854s] but this file does not exist.  Possible reasons include:
[2.855s] * The file was deleted, renamed, or moved to another location.
[2.855s] * An install or uninstall procedure did not complete successfully.
[2.855s] * The installation package was faulty and contained
[2.855s]    "/usr/lib/cmake/vtk-7.1/VTKTargets.cmake"
[2.855s] but not all the files it references.
[2.855s] 
[2.855s] -- The imported target "vtk" references the file
[2.855s]    "/usr/bin/vtk"
[2.855s] but this file does not exist.  Possible reasons include:
[2.855s] * The file was deleted, renamed, or moved to another location.
[2.855s] * An install or uninstall procedure did not complete successfully.
[2.855s] * The installation package was faulty and contained
[2.856s]    "/usr/lib/cmake/vtk-7.1/VTKTargets.cmake"
[2.856s] but not all the files it references.
[2.856s] 
[2.856s] -- The imported target "pvtk" references the file
[2.856s]    "/usr/bin/pvtk"
[2.856s] but this file does not exist.  Possible reasons include:
[2.856s] * The file was deleted, renamed, or moved to another location.
[2.856s] * An install or uninstall procedure did not complete successfully.
[2.856s] * The installation package was faulty and contained
[2.856s]    "/usr/lib/cmake/vtk-7.1/VTKTargets.cmake"
[2.856s] but not all the files it references.
[2.856s] 
[2.874s] -- Checking for module 'libusb-1.0'
[2.886s] --   Found libusb-1.0, version 1.0.23
[2.916s] -- Found USB_10: /usr/lib/aarch64-linux-gnu/libusb-1.0.so  
[2.961s] -- OpenNI found (include: /usr/include/ni, lib: /usr/lib/libOpenNI.so)
[3.010s] -- OpenNI2 found (include: /usr/include/openni2, lib: /usr/lib/libOpenNI2.so)
[3.023s] -- Found libusb-1.0: /usr/include  
[3.028s] -- OpenNI found (include: /usr/include/ni, lib: /usr/lib/libOpenNI.so)
[3.033s] -- OpenNI2 found (include: /usr/include/openni2, lib: /usr/lib/libOpenNI2.so)
[3.063s] -- Found Qhull: optimized;/usr/lib/aarch64-linux-gnu/libqhull.so;debug;/usr/lib/aarch64-linux-gnu/libqhull.so  
[3.063s] -- QHULL found (include: /usr/include, lib: optimized;/usr/lib/aarch64-linux-gnu/libqhull.so;debug;/usr/lib/aarch64-linux-gnu/libqhull.so)
[3.068s] -- OpenNI found (include: /usr/include/ni, lib: /usr/lib/libOpenNI.so)
[3.081s] -- Found PCL_COMMON: /usr/lib/aarch64-linux-gnu/libpcl_common.so  
[3.082s] -- Found PCL_KDTREE: /usr/lib/aarch64-linux-gnu/libpcl_kdtree.so  
[3.083s] -- Found PCL_OCTREE: /usr/lib/aarch64-linux-gnu/libpcl_octree.so  
[3.084s] -- Found PCL_SEARCH: /usr/lib/aarch64-linux-gnu/libpcl_search.so  
[3.086s] -- Found PCL_SAMPLE_CONSENSUS: /usr/lib/aarch64-linux-gnu/libpcl_sample_consensus.so  
[3.087s] -- Found PCL_FILTERS: /usr/lib/aarch64-linux-gnu/libpcl_filters.so  
[3.087s] -- Found PCL_2D: /usr/include/pcl-1.10  
[3.088s] -- Found PCL_GEOMETRY: /usr/include/pcl-1.10  
[3.089s] -- Found PCL_IO: /usr/lib/aarch64-linux-gnu/libpcl_io.so  
[3.090s] -- Found PCL_FEATURES: /usr/lib/aarch64-linux-gnu/libpcl_features.so  
[3.091s] -- Found PCL_ML: /usr/lib/aarch64-linux-gnu/libpcl_ml.so  
[3.093s] -- Found PCL_SEGMENTATION: /usr/lib/aarch64-linux-gnu/libpcl_segmentation.so  
[3.094s] -- Found PCL_VISUALIZATION: /usr/lib/aarch64-linux-gnu/libpcl_visualization.so  
[3.096s] -- Found PCL_SURFACE: /usr/lib/aarch64-linux-gnu/libpcl_surface.so  
[3.097s] -- Found PCL_REGISTRATION: /usr/lib/aarch64-linux-gnu/libpcl_registration.so  
[3.098s] -- Found PCL_KEYPOINTS: /usr/lib/aarch64-linux-gnu/libpcl_keypoints.so  
[3.099s] -- Found PCL_TRACKING: /usr/lib/aarch64-linux-gnu/libpcl_tracking.so  
[3.101s] -- Found PCL_RECOGNITION: /usr/lib/aarch64-linux-gnu/libpcl_recognition.so  
[3.102s] -- Found PCL_STEREO: /usr/lib/aarch64-linux-gnu/libpcl_stereo.so  
[3.104s] -- Found PCL_APPS: /usr/lib/aarch64-linux-gnu/libpcl_apps.so  
[3.105s] -- Found PCL_IN_HAND_SCANNER: /usr/include/pcl-1.10  
[3.106s] -- Found PCL_POINT_CLOUD_EDITOR: /usr/include/pcl-1.10  
[3.107s] -- Found PCL_OUTOFCORE: /usr/lib/aarch64-linux-gnu/libpcl_outofcore.so  
[3.108s] -- Found PCL_PEOPLE: /usr/lib/aarch64-linux-gnu/libpcl_people.so  
[3.364s] -- Found image_geometry: 3.1.3 (/opt/ros/galactic/share/image_geometry/cmake)
[3.370s] -- Found image_transport: 2.5.1 (/opt/ros/galactic/share/image_transport/cmake)
[3.412s] -- Found cv_bridge: 3.1.3 (/opt/ros/galactic/share/cv_bridge/cmake)
[3.427s] -- Found la_msgs: 0.0.0 (/home/joshhlee/MK3_ws/src/install/la_msgs/share/la_msgs/cmake)
[3.679s] -- Found PythonInterp: /usr/bin/python3 (found version "3.8.10") 
[3.834s] -- Found ament_cmake_ros: 0.9.2 (/opt/ros/galactic/share/ament_cmake_ros/cmake)
[4.115s] -- Using all available rosidl_typesupport_c: rosidl_typesupport_fastrtps_c;rosidl_typesupport_introspection_c
[4.225s] -- Using all available rosidl_typesupport_cpp: rosidl_typesupport_fastrtps_cpp;rosidl_typesupport_introspection_cpp
[4.260s] -- Found PythonInterp: /usr/bin/python3 (found suitable version "3.8.10", minimum required is "3.5") 
[4.263s] -- Found python_cmake_module: 0.8.1 (/opt/ros/galactic/share/python_cmake_module/cmake)
[4.295s] -- Found PythonLibs: /usr/lib/aarch64-linux-gnu/libpython3.8.so (found suitable version "3.8.10", minimum required is "3.5") 
[4.295s] -- Using PYTHON_EXECUTABLE: /usr/bin/python3
[4.295s] -- Using PYTHON_INCLUDE_DIRS: /usr/include/python3.8
[4.295s] -- Using PYTHON_LIBRARIES: /usr/lib/aarch64-linux-gnu/libpython3.8.so
[4.316s] -- Found PythonExtra: .so  
[4.388s] -- Found ament_lint_auto: 0.10.7 (/opt/ros/galactic/share/ament_lint_auto/cmake)
[4.398s] -- Configuring done
[4.486s] -- Generating done
[4.490s] -- Build files have been written to: /home/joshhlee/me326_ws/src/collaborative_robotics_course/build/me326_project
[4.500s] Invoked command in '/home/joshhlee/me326_ws/src/collaborative_robotics_course/build/me326_project' returned '0': CMAKE_PREFIX_PATH=${CMAKE_PREFIX_PATH}:/home/joshhlee/interbotix_ws/install/interbotix_xs_modules:/home/joshhlee/interbotix_ws/install/interbotix_perception_modules:/home/joshhlee/interbotix_ws/install/interbotix_common_modules:/opt/ros/galactic /usr/bin/cmake /home/joshhlee/me326_ws/src/collaborative_robotics_course/me326_project -DCMAKE_INSTALL_PREFIX=/home/joshhlee/me326_ws/src/collaborative_robotics_course/install/me326_project
[4.504s] Invoking command in '/home/joshhlee/me326_ws/src/collaborative_robotics_course/build/me326_project': CMAKE_PREFIX_PATH=${CMAKE_PREFIX_PATH}:/home/joshhlee/interbotix_ws/install/interbotix_xs_modules:/home/joshhlee/interbotix_ws/install/interbotix_perception_modules:/home/joshhlee/interbotix_ws/install/interbotix_common_modules:/opt/ros/galactic /usr/bin/cmake --build /home/joshhlee/me326_ws/src/collaborative_robotics_course/build/me326_project -- -j4 -l4
[4.542s] [35m[1mScanning dependencies of target ament_cmake_python_copy_me326_project[0m
[4.543s] [35m[1mScanning dependencies of target me326_project__cpp[0m
[4.547s] [  3%] [34m[1mGenerating C code for ROS interfaces[0m
[4.548s] [35m[1mScanning dependencies of target visual_block_perception_srv[0m
[4.555s] [  6%] [34m[1mGenerating C++ code for ROS interfaces[0m
[4.573s] [  6%] Built target ament_cmake_python_copy_me326_project
[4.586s] [35m[1mScanning dependencies of target ament_cmake_python_build_me326_project_egg[0m
[4.733s] [  9%] [32mBuilding CXX object CMakeFiles/visual_block_perception_srv.dir/src/visual_block_perception_srv.cpp.o[0m
[4.794s] running egg_info
[4.795s] creating me326_project.egg-info
[4.795s] writing me326_project.egg-info/PKG-INFO
[4.795s] writing dependency_links to me326_project.egg-info/dependency_links.txt
[4.795s] writing top-level names to me326_project.egg-info/top_level.txt
[4.796s] writing manifest file 'me326_project.egg-info/SOURCES.txt'
[4.848s] reading manifest file 'me326_project.egg-info/SOURCES.txt'
[4.848s] writing manifest file 'me326_project.egg-info/SOURCES.txt'
[4.870s] [  9%] Built target ament_cmake_python_build_me326_project_egg
[4.905s] [35m[1mScanning dependencies of target me326_project__rosidl_generator_c[0m
[4.921s] [ 12%] [32mBuilding C object CMakeFiles/me326_project__rosidl_generator_c.dir/rosidl_generator_c/me326_project/action/detail/move_base__functions.c.o[0m
[4.954s] [ 12%] Built target me326_project__cpp
[4.969s] [ 15%] [34m[1mGenerating C++ type support for eProsima Fast-RTPS[0m
[4.973s] [ 18%] [34m[1mGenerating C++ type support dispatch for ROS interfaces[0m
[5.090s] [ 21%] [32m[1mLinking C shared library libme326_project__rosidl_generator_c.so[0m
[5.141s] [ 21%] Built target me326_project__rosidl_generator_c
[5.150s] [ 24%] [34m[1mGenerating C++ introspection for ROS interfaces[0m
[5.248s] [35m[1mScanning dependencies of target me326_project__rosidl_typesupport_cpp[0m
[5.274s] [ 27%] [32mBuilding CXX object CMakeFiles/me326_project__rosidl_typesupport_cpp.dir/rosidl_typesupport_cpp/me326_project/action/move_base__type_support.cpp.o[0m
[5.307s] [35m[1mScanning dependencies of target me326_project__rosidl_typesupport_fastrtps_cpp[0m
[5.330s] [ 30%] [32mBuilding CXX object CMakeFiles/me326_project__rosidl_typesupport_fastrtps_cpp.dir/rosidl_typesupport_fastrtps_cpp/me326_project/action/detail/dds_fastrtps/move_base__type_support.cpp.o[0m
[5.409s] [35m[1mScanning dependencies of target me326_project__rosidl_typesupport_introspection_cpp[0m
[5.433s] [ 33%] [32mBuilding CXX object CMakeFiles/me326_project__rosidl_typesupport_introspection_cpp.dir/rosidl_typesupport_introspection_cpp/me326_project/action/detail/move_base__type_support.cpp.o[0m
[5.869s] [ 36%] [32m[1mLinking CXX shared library libme326_project__rosidl_typesupport_cpp.so[0m
[5.918s] [ 36%] Built target me326_project__rosidl_typesupport_cpp
[5.928s] [ 39%] [34m[1mGenerating C introspection for ROS interfaces[0m
[5.984s] [ 42%] [32m[1mLinking CXX shared library libme326_project__rosidl_typesupport_fastrtps_cpp.so[0m
[6.024s] [ 45%] [32m[1mLinking CXX shared library libme326_project__rosidl_typesupport_introspection_cpp.so[0m
[6.051s] [ 45%] Built target me326_project__rosidl_typesupport_fastrtps_cpp
[6.062s] [ 48%] [34m[1mGenerating C type support dispatch for ROS interfaces[0m
[6.079s] [ 48%] Built target me326_project__rosidl_typesupport_introspection_cpp
[6.089s] [ 51%] [34m[1mGenerating C type support for eProsima Fast-RTPS[0m
[6.185s] [35m[1mScanning dependencies of target me326_project__rosidl_typesupport_introspection_c[0m
[6.222s] [ 54%] [32mBuilding C object CMakeFiles/me326_project__rosidl_typesupport_introspection_c.dir/rosidl_typesupport_introspection_c/me326_project/action/detail/move_base__type_support.c.o[0m
[6.257s] [35m[1mScanning dependencies of target me326_project__rosidl_typesupport_c[0m
[6.265s] [ 57%] [32m[1mLinking C shared library libme326_project__rosidl_typesupport_introspection_c.so[0m
[6.278s] [ 60%] [32mBuilding CXX object CMakeFiles/me326_project__rosidl_typesupport_c.dir/rosidl_typesupport_c/me326_project/action/move_base__type_support.cpp.o[0m
[6.303s] [ 60%] Built target me326_project__rosidl_typesupport_introspection_c
[6.328s] [ 63%] [32m[1mLinking CXX shared library libme326_project__rosidl_typesupport_c.so[0m
[6.361s] [ 63%] Built target me326_project__rosidl_typesupport_c
[6.361s] [35m[1mScanning dependencies of target me326_project__rosidl_typesupport_fastrtps_c[0m
[6.385s] [ 66%] [32mBuilding CXX object CMakeFiles/me326_project__rosidl_typesupport_fastrtps_c.dir/rosidl_typesupport_fastrtps_c/me326_project/action/detail/move_base__type_support_c.cpp.o[0m
[6.682s] [ 69%] [32m[1mLinking CXX shared library libme326_project__rosidl_typesupport_fastrtps_c.so[0m
[6.747s] [ 69%] Built target me326_project__rosidl_typesupport_fastrtps_c
[6.755s] [35m[1mScanning dependencies of target me326_project[0m
[6.765s] [ 69%] Built target me326_project
[6.773s] [35m[1mScanning dependencies of target me326_project__py[0m
[6.782s] [ 72%] [34m[1mGenerating Python code for ROS interfaces[0m
[7.377s] [ 72%] Built target me326_project__py
[7.386s] [35m[1mScanning dependencies of target me326_project__python[0m
[7.418s] [ 75%] [32mBuilding C object CMakeFiles/me326_project__python.dir/rosidl_generator_py/me326_project/action/_move_base_s.c.o[0m
[7.529s] [ 78%] [32m[1mLinking C shared library rosidl_generator_py/me326_project/libme326_project__python.so[0m
[7.574s] [ 78%] Built target me326_project__python
[7.585s] [35m[1mScanning dependencies of target me326_project__rosidl_typesupport_introspection_c__pyext[0m
[7.585s] [35m[1mScanning dependencies of target me326_project__rosidl_typesupport_c__pyext[0m
[7.585s] [35m[1mScanning dependencies of target me326_project__rosidl_typesupport_fastrtps_c__pyext[0m
[7.605s] [ 81%] [32mBuilding C object CMakeFiles/me326_project__rosidl_typesupport_c__pyext.dir/rosidl_generator_py/me326_project/_me326_project_s.ep.rosidl_typesupport_c.c.o[0m
[7.621s] [ 84%] [32mBuilding C object CMakeFiles/me326_project__rosidl_typesupport_fastrtps_c__pyext.dir/rosidl_generator_py/me326_project/_me326_project_s.ep.rosidl_typesupport_fastrtps_c.c.o[0m
[7.638s] [ 87%] [32mBuilding C object CMakeFiles/me326_project__rosidl_typesupport_introspection_c__pyext.dir/rosidl_generator_py/me326_project/_me326_project_s.ep.rosidl_typesupport_introspection_c.c.o[0m
[7.706s] [ 90%] [32m[1mLinking C shared library rosidl_generator_py/me326_project/me326_project_s__rosidl_typesupport_c.cpython-38-aarch64-linux-gnu.so[0m
[7.744s] [ 93%] [32m[1mLinking CXX shared library rosidl_generator_py/me326_project/me326_project_s__rosidl_typesupport_fastrtps_c.cpython-38-aarch64-linux-gnu.so[0m
[7.751s] [ 93%] Built target me326_project__rosidl_typesupport_c__pyext
[7.764s] [ 96%] [32m[1mLinking C shared library rosidl_generator_py/me326_project/me326_project_s__rosidl_typesupport_introspection_c.cpython-38-aarch64-linux-gnu.so[0m
[7.801s] [ 96%] Built target me326_project__rosidl_typesupport_introspection_c__pyext
[7.807s] [ 96%] Built target me326_project__rosidl_typesupport_fastrtps_c__pyext
[8.426s] [01m[K/home/joshhlee/me326_ws/src/collaborative_robotics_course/me326_project/src/visual_block_perception_srv.cpp:[m[K In member function â€˜[01m[Kvoid Matching_Pix_to_Ptcld::service_callback(std::shared_ptr<la_msgs::srv::Ptps_Request_<std::allocator<void> > >, std::shared_ptr<la_msgs::srv::Ptps_Response_<std::allocator<void> > >)[m[Kâ€™:
[8.426s] [01m[K/home/joshhlee/me326_ws/src/collaborative_robotics_course/me326_project/src/visual_block_perception_srv.cpp:629:31:[m[K [01;31m[Kerror: [m[Kâ€˜[01m[Kusing element_type = struct la_msgs::srv::Ptps_Request_<std::allocator<void> >[m[Kâ€™ {aka â€˜[01m[Kstruct la_msgs::srv::Ptps_Request_<std::allocator<void> >[m[Kâ€™} has no member named â€˜[01m[Kdesired_frame[m[Kâ€™
[8.426s]   629 |   desired_block_frame_ = req->[01;31m[Kdesired_frame[m[K;
[8.426s]       |                               [01;31m[K^~~~~~~~~~~~~[m[K
[12.597s] make[2]: *** [CMakeFiles/visual_block_perception_srv.dir/build.make:63: CMakeFiles/visual_block_perception_srv.dir/src/visual_block_perception_srv.cpp.o] Error 1
[12.598s] make[1]: *** [CMakeFiles/Makefile2:239: CMakeFiles/visual_block_perception_srv.dir/all] Error 2
[12.599s] make: *** [Makefile:141: all] Error 2
[12.612s] Invoked command in '/home/joshhlee/me326_ws/src/collaborative_robotics_course/build/me326_project' returned '2': CMAKE_PREFIX_PATH=${CMAKE_PREFIX_PATH}:/home/joshhlee/interbotix_ws/install/interbotix_xs_modules:/home/joshhlee/interbotix_ws/install/interbotix_perception_modules:/home/joshhlee/interbotix_ws/install/interbotix_common_modules:/opt/ros/galactic /usr/bin/cmake --build /home/joshhlee/me326_ws/src/collaborative_robotics_course/build/me326_project -- -j4 -l4
