[0.493s] Invoking command in '/home/joshhlee/me326_ws/src/collab_robotics/build/me326_project': CMAKE_PREFIX_PATH=${CMAKE_PREFIX_PATH}:/home/joshhlee/interbotix_ws/install/interbotix_xs_modules:/home/joshhlee/interbotix_ws/install/interbotix_perception_modules:/home/joshhlee/interbotix_ws/install/interbotix_common_modules:/home/joshhlee/me326_ws/install/opencv_tests:/opt/ros/galactic /usr/bin/cmake --build /home/joshhlee/me326_ws/src/collab_robotics/build/me326_project -- -j4 -l4
[0.632s] -- Found ament_cmake: 1.1.6 (/opt/ros/galactic/share/ament_cmake/cmake)
[0.727s] -- Using PYTHON_EXECUTABLE: /usr/bin/python3
[0.873s] -- Found rclcpp: 9.2.2 (/opt/ros/galactic/share/rclcpp/cmake)
[0.942s] -- Using all available rosidl_typesupport_c: rosidl_typesupport_fastrtps_c;rosidl_typesupport_introspection_c
[0.946s] -- Found rosidl_adapter: 2.2.3 (/opt/ros/galactic/share/rosidl_adapter/cmake)
[1.153s] -- Using all available rosidl_typesupport_cpp: rosidl_typesupport_fastrtps_cpp;rosidl_typesupport_introspection_cpp
[1.222s] -- Found rmw_implementation_cmake: 3.3.1 (/opt/ros/galactic/share/rmw_implementation_cmake/cmake)
[1.225s] -- Found rmw_cyclonedds_cpp: 0.22.6 (/opt/ros/galactic/share/rmw_cyclonedds_cpp/cmake)
[1.249s] -- Using RMW implementation 'rmw_cyclonedds_cpp' as default
[1.472s] -- Found rclcpp_action: 9.2.2 (/opt/ros/galactic/share/rclcpp_action/cmake)
[1.577s] -- Found rclcpp_components: 9.2.2 (/opt/ros/galactic/share/rclcpp_components/cmake)
[1.677s] -- Found rclpy: 1.9.3 (/opt/ros/galactic/share/rclpy/cmake)
[1.679s] -- Found moveit_ros_planning_interface: 2.3.4 (/opt/ros/galactic/share/moveit_ros_planning_interface/cmake)
[1.704s] -- Found Boost: /usr/lib/aarch64-linux-gnu/cmake/Boost-1.71.0/BoostConfig.cmake (found version "1.71.0") found components: date_time filesystem program_options system thread 
[3.423s] -- Found Boost: /usr/lib/aarch64-linux-gnu/cmake/Boost-1.71.0/BoostConfig.cmake (found version "1.71.0") found components: chrono date_time filesystem iostreams program_options regex serialization system thread 
[3.441s] -- Found Boost: /usr/lib/aarch64-linux-gnu/cmake/Boost-1.71.0/BoostConfig.cmake (found version "1.71.0") found components: filesystem 
[3.504s] -- library: /usr/lib/aarch64-linux-gnu/libcurl.so
[4.632s] -- Found Boost: /usr/lib/aarch64-linux-gnu/cmake/Boost-1.71.0/BoostConfig.cmake (found version "1.71.0") found components: system filesystem date_time program_options thread chrono 
[5.093s] -- Found Boost: /usr/lib/aarch64-linux-gnu/cmake/Boost-1.71.0/BoostConfig.cmake (found version "1.71.0") found components: thread 
[6.196s] -- Found Boost: /usr/lib/aarch64-linux-gnu/cmake/Boost-1.71.0/BoostConfig.cmake (found version "1.71.0") found components: thread system filesystem regex date_time program_options 
[6.704s] -- Found Boost: /usr/lib/aarch64-linux-gnu/cmake/Boost-1.71.0/BoostConfig.cmake (found version "1.71.0") found components: system filesystem date_time program_options thread 
[7.748s] -- Found locobot_interfaces: 0.0.0 (/home/joshhlee/me326_ws/install/locobot_interfaces/share/locobot_interfaces/cmake)
[7.898s] -- Found rosidl_default_generators: 1.1.1 (/opt/ros/galactic/share/rosidl_default_generators/cmake)
[7.921s] -- Found nav_msgs: 2.2.4 (/opt/ros/galactic/share/nav_msgs/cmake)
[8.042s] -- Found pcl_ros: 2.3.2 (/opt/ros/galactic/share/pcl_ros/cmake)
[8.456s] -- Eigen found (include: /usr/include/eigen3, version: 3.3.7)
[8.602s] -- The imported target "vtkParseOGLExt" references the file
[8.602s]    "/usr/bin/vtkParseOGLExt-7.1"
[8.602s] but this file does not exist.  Possible reasons include:
[8.602s] * The file was deleted, renamed, or moved to another location.
[8.602s] * An install or uninstall procedure did not complete successfully.
[8.602s] * The installation package was faulty and contained
[8.602s]    "/usr/lib/cmake/vtk-7.1/VTKTargets.cmake"
[8.602s] but not all the files it references.
[8.602s] 
[8.604s] -- The imported target "vtkRenderingPythonTkWidgets" references the file
[8.604s]    "/usr/lib/aarch64-linux-gnu/libvtkRenderingPythonTkWidgets.so"
[8.604s] but this file does not exist.  Possible reasons include:
[8.604s] * The file was deleted, renamed, or moved to another location.
[8.604s] * An install or uninstall procedure did not complete successfully.
[8.604s] * The installation package was faulty and contained
[8.604s]    "/usr/lib/cmake/vtk-7.1/VTKTargets.cmake"
[8.604s] but not all the files it references.
[8.604s] 
[8.605s] -- The imported target "vtk" references the file
[8.605s]    "/usr/bin/vtk"
[8.605s] but this file does not exist.  Possible reasons include:
[8.605s] * The file was deleted, renamed, or moved to another location.
[8.605s] * An install or uninstall procedure did not complete successfully.
[8.605s] * The installation package was faulty and contained
[8.605s]    "/usr/lib/cmake/vtk-7.1/VTKTargets.cmake"
[8.605s] but not all the files it references.
[8.606s] 
[8.606s] -- The imported target "pvtk" references the file
[8.606s]    "/usr/bin/pvtk"
[8.606s] but this file does not exist.  Possible reasons include:
[8.606s] * The file was deleted, renamed, or moved to another location.
[8.606s] * An install or uninstall procedure did not complete successfully.
[8.606s] * The installation package was faulty and contained
[8.606s]    "/usr/lib/cmake/vtk-7.1/VTKTargets.cmake"
[8.606s] but not all the files it references.
[8.607s] 
[8.641s] -- OpenNI found (include: /usr/include/ni, lib: /usr/lib/libOpenNI.so)
[8.665s] -- OpenNI2 found (include: /usr/include/openni2, lib: /usr/lib/libOpenNI2.so)
[8.709s] -- OpenNI found (include: /usr/include/ni, lib: /usr/lib/libOpenNI.so)
[8.718s] -- OpenNI2 found (include: /usr/include/openni2, lib: /usr/lib/libOpenNI2.so)
[8.733s] -- QHULL found (include: /usr/include, lib: optimized;/usr/lib/aarch64-linux-gnu/libqhull.so;debug;/usr/lib/aarch64-linux-gnu/libqhull.so)
[8.777s] -- OpenNI found (include: /usr/include/ni, lib: /usr/lib/libOpenNI.so)
[9.134s] -- Found image_geometry: 3.1.3 (/home/joshhlee/me326_ws/install/image_geometry/share/image_geometry/cmake)
[9.145s] -- Found image_transport: 2.5.1 (/opt/ros/galactic/share/image_transport/cmake)
[9.176s] -- Found cv_bridge: 3.1.3 (/home/joshhlee/me326_ws/install/cv_bridge/share/cv_bridge/cmake)
[9.189s] -- Found la_msgs: 0.0.0 (/home/joshhlee/me326_ws/install/la_msgs/share/la_msgs/cmake)
[9.398s] -- Found ament_lint_auto: 0.10.7 (/opt/ros/galactic/share/ament_lint_auto/cmake)
[9.463s] -- Configuring done
[9.566s] -- Generating done
[9.571s] -- Build files have been written to: /home/joshhlee/me326_ws/src/collab_robotics/build/me326_project
[9.729s] [ 50%] Built target visual_block_perception_srv
[9.809s] [35m[1mScanning dependencies of target move_arm_action_server[0m
[9.961s] [ 75%] [32mBuilding CXX object CMakeFiles/move_arm_action_server.dir/src/move_arm_action_server.cpp.o[0m
[13.255s] make[2]: *** [CMakeFiles/move_arm_action_server.dir/build.make:63: CMakeFiles/move_arm_action_server.dir/src/move_arm_action_server.cpp.o] Interrupt
[13.255s] make[1]: *** [CMakeFiles/Makefile2:107: CMakeFiles/move_arm_action_server.dir/all] Interrupt
[13.255s] make: *** [Makefile:141: all] Interrupt
[13.306s] Invoked command in '/home/joshhlee/me326_ws/src/collab_robotics/build/me326_project' returned '-2': CMAKE_PREFIX_PATH=${CMAKE_PREFIX_PATH}:/home/joshhlee/interbotix_ws/install/interbotix_xs_modules:/home/joshhlee/interbotix_ws/install/interbotix_perception_modules:/home/joshhlee/interbotix_ws/install/interbotix_common_modules:/home/joshhlee/me326_ws/install/opencv_tests:/opt/ros/galactic /usr/bin/cmake --build /home/joshhlee/me326_ws/src/collab_robotics/build/me326_project -- -j4 -l4
